2025-11-20 16:47:18,273 INFO    MainThread:10518 [wandb_setup.py:_flush():81] Current SDK version is 0.22.2
2025-11-20 16:47:18,273 INFO    MainThread:10518 [wandb_setup.py:_flush():81] Configure stats pid to 10518
2025-11-20 16:47:18,273 INFO    MainThread:10518 [wandb_setup.py:_flush():81] Loading settings from /home/martina/.config/wandb/settings
2025-11-20 16:47:18,274 INFO    MainThread:10518 [wandb_setup.py:_flush():81] Loading settings from /home/martina/codi2/4year/tfg/dqn/wandb/settings
2025-11-20 16:47:18,274 INFO    MainThread:10518 [wandb_setup.py:_flush():81] Loading settings from environment variables
2025-11-20 16:47:18,274 INFO    MainThread:10518 [wandb_init.py:setup_run_log_directory():705] Logging user logs to /home/martina/codi2/4year/tfg/dqn/wandb/run-20251120_164718-Extension042/logs/debug.log
2025-11-20 16:47:18,274 INFO    MainThread:10518 [wandb_init.py:setup_run_log_directory():706] Logging internal logs to /home/martina/codi2/4year/tfg/dqn/wandb/run-20251120_164718-Extension042/logs/debug-internal.log
2025-11-20 16:47:18,274 INFO    MainThread:10518 [wandb_init.py:monkeypatch_ipython():624] configuring jupyter hooks <wandb.sdk.wandb_init._WandbInit object at 0x7129c46dafe0>
2025-11-20 16:47:18,275 INFO    MainThread:10518 [wandb_init.py:init():832] calling init triggers
2025-11-20 16:47:18,275 INFO    MainThread:10518 [wandb_init.py:init():837] wandb.init called with sweep_config: {}
config: {'environment': <class 'general.GlioblastomaPositionalEncoding'>, 'configuration': {'grid_size': 6, 'rewards': [3.0, -1.0, -0.2], 'action_space': Discrete(5), 'max_steps': 40, 'stop': False}, 'model': <class 'training_dqn.DQNPositionalEncoding'>, 'agent': <class 'training_agents.DQNAgent'>, 'buffer': <class 'training_buffers.ReplayBuffer'>, 'notes': 'Using different parameters and dataset of 200 samples', 'lr': 0.0001, 'MEMORY_SIZE': 15000, 'MAX_EPISODES': 7000, 'EPSILON': 0.7, 'EPSILON_DECAY': 0.995, 'Decay type': 'exponential', 'EPSILON_MIN': 0.01, 'GAMMA': 0.99, 'BATCH_SIZE': 64, 'BURN_IN': 1500, 'DNN_UPD': 4, 'DNN_SYNC': 2000, '_wandb': {}}
2025-11-20 16:47:18,275 INFO    MainThread:10518 [wandb_init.py:init():880] starting backend
2025-11-20 16:47:18,509 INFO    MainThread:10518 [wandb_init.py:init():883] sending inform_init request
2025-11-20 16:47:18,520 INFO    MainThread:10518 [wandb_init.py:init():891] backend started and connected
2025-11-20 16:47:18,526 INFO    MainThread:10518 [wandb_run.py:_label_probe_notebook():1330] probe notebook
2025-11-20 16:47:18,527 INFO    MainThread:10518 [wandb_init.py:init():961] updated telemetry
2025-11-20 16:47:18,552 INFO    MainThread:10518 [wandb_init.py:init():985] communicating run to backend with 90.0 second timeout
2025-11-20 16:47:20,370 INFO    MainThread:10518 [wandb_init.py:init():1036] starting run threads in backend
2025-11-20 16:47:21,452 INFO    MainThread:10518 [wandb_run.py:_console_start():2509] atexit reg
2025-11-20 16:47:21,452 INFO    MainThread:10518 [wandb_run.py:_redirect():2357] redirect: wrap_raw
2025-11-20 16:47:21,452 INFO    MainThread:10518 [wandb_run.py:_redirect():2426] Wrapping output streams.
2025-11-20 16:47:21,452 INFO    MainThread:10518 [wandb_run.py:_redirect():2449] Redirects installed.
2025-11-20 16:47:21,463 INFO    MainThread:10518 [wandb_init.py:init():1076] run started, returning control to user process
2025-11-20 16:47:21,466 INFO    MainThread:10518 [wandb_init.py:_post_run_cell_hook():594] [no run ID] resuming backend
2025-11-20 16:47:26,388 INFO    MainThread:10518 [jupyter.py:save_ipynb():404] [no run ID] not saving jupyter notebook
2025-11-20 16:47:26,388 INFO    MainThread:10518 [wandb_init.py:_pre_run_cell_hook():583] [no run ID] pausing backend
2025-11-20 16:53:39,134 INFO    wandb-AsyncioManager-main:10518 [service_client.py:_forward_responses():80] Reached EOF.
2025-11-20 16:53:39,151 INFO    wandb-AsyncioManager-main:10518 [mailbox.py:close():137] Closing mailbox, abandoning 1 handles.
2025-11-20 16:53:45,600 INFO    MainThread:10518 [wandb_init.py:_post_run_cell_hook():594] [no run ID] resuming backend
2025-11-20 16:53:45,605 ERROR   MainThread:10518 [redirect.py:_on_write():664] [all runs] error in stdout callback
Traceback (most recent call last):
  File "/home/martina/.local/lib/python3.10/site-packages/IPython/core/events.py", line 82, in trigger
    func(*args, **kwargs)
  File "/home/martina/.local/lib/python3.10/site-packages/wandb/sdk/wandb_init.py", line 595, in _post_run_cell_hook
    self.backend.interface.publish_resume()
  File "/home/martina/.local/lib/python3.10/site-packages/wandb/sdk/interface/interface.py", line 818, in publish_resume
    self._publish_resume(resume)
  File "/home/martina/.local/lib/python3.10/site-packages/wandb/sdk/interface/interface_shared.py", line 296, in _publish_resume
    self._publish(rec)
  File "/home/martina/.local/lib/python3.10/site-packages/wandb/sdk/interface/interface_sock.py", line 43, in _publish
    self._asyncer.run(lambda: self._client.publish(request))
  File "/home/martina/.local/lib/python3.10/site-packages/wandb/sdk/lib/asyncio_manager.py", line 136, in run
    return future.result()
  File "/usr/lib/python3.10/concurrent/futures/_base.py", line 458, in result
    return self.__get_result()
  File "/usr/lib/python3.10/concurrent/futures/_base.py", line 403, in __get_result
    raise self._exception
  File "/home/martina/.local/lib/python3.10/site-packages/wandb/sdk/lib/asyncio_manager.py", line 219, in _wrap
    return await fn()
  File "/home/martina/.local/lib/python3.10/site-packages/wandb/sdk/lib/service/service_client.py", line 38, in publish
    await self._send_server_request(request)
  File "/home/martina/.local/lib/python3.10/site-packages/wandb/sdk/lib/service/service_client.py", line 64, in _send_server_request
    await self._writer.drain()
  File "/usr/lib/python3.10/asyncio/streams.py", line 371, in drain
    await self._protocol._drain_helper()
  File "/usr/lib/python3.10/asyncio/streams.py", line 167, in _drain_helper
    raise ConnectionResetError('Connection lost')
ConnectionResetError: Connection lost

During handling of the above exception, another exception occurred:

Traceback (most recent call last):
  File "/home/martina/.local/lib/python3.10/site-packages/wandb/sdk/lib/redirect.py", line 662, in _on_write
    cb(written_data)
  File "/home/martina/.local/lib/python3.10/site-packages/wandb/sdk/wandb_run.py", line 2430, in <lambda>
    lambda data: self._console_raw_callback("stdout", data),
  File "/home/martina/.local/lib/python3.10/site-packages/wandb/sdk/wandb_run.py", line 399, in wrapper
    return func(self, *args, **kwargs)
  File "/home/martina/.local/lib/python3.10/site-packages/wandb/sdk/wandb_run.py", line 457, in wrapper_fn
    return func(self, *args, **kwargs)
  File "/home/martina/.local/lib/python3.10/site-packages/wandb/sdk/wandb_run.py", line 1595, in _console_raw_callback
    self._backend.interface.publish_output_raw(name, data)
  File "/home/martina/.local/lib/python3.10/site-packages/wandb/sdk/interface/interface.py", line 802, in publish_output_raw
    self._publish_output_raw(o)
  File "/home/martina/.local/lib/python3.10/site-packages/wandb/sdk/interface/interface_shared.py", line 37, in _publish_output_raw
    self._publish(rec)
  File "/home/martina/.local/lib/python3.10/site-packages/wandb/sdk/interface/interface_sock.py", line 43, in _publish
    self._asyncer.run(lambda: self._client.publish(request))
  File "/home/martina/.local/lib/python3.10/site-packages/wandb/sdk/lib/asyncio_manager.py", line 136, in run
    return future.result()
  File "/usr/lib/python3.10/concurrent/futures/_base.py", line 458, in result
    return self.__get_result()
  File "/usr/lib/python3.10/concurrent/futures/_base.py", line 403, in __get_result
    raise self._exception
  File "/home/martina/.local/lib/python3.10/site-packages/wandb/sdk/lib/asyncio_manager.py", line 219, in _wrap
    return await fn()
  File "/home/martina/.local/lib/python3.10/site-packages/wandb/sdk/lib/service/service_client.py", line 38, in publish
    await self._send_server_request(request)
  File "/home/martina/.local/lib/python3.10/site-packages/wandb/sdk/lib/service/service_client.py", line 64, in _send_server_request
    await self._writer.drain()
  File "/usr/lib/python3.10/asyncio/streams.py", line 359, in drain
    raise exc
  File "/usr/lib/python3.10/asyncio/selector_events.py", line 924, in write
    n = self._sock.send(data)
BrokenPipeError: [Errno 32] Broken pipe
