2025-12-04 19:00:52,467 INFO    MainThread:194377 [wandb_setup.py:_flush():81] Current SDK version is 0.22.2
2025-12-04 19:00:52,467 INFO    MainThread:194377 [wandb_setup.py:_flush():81] Configure stats pid to 194377
2025-12-04 19:00:52,467 INFO    MainThread:194377 [wandb_setup.py:_flush():81] Loading settings from /home/martina/.config/wandb/settings
2025-12-04 19:00:52,467 INFO    MainThread:194377 [wandb_setup.py:_flush():81] Loading settings from /home/martina/codi2/4year/tfg/ppo/wandb/settings
2025-12-04 19:00:52,467 INFO    MainThread:194377 [wandb_setup.py:_flush():81] Loading settings from environment variables
2025-12-04 19:00:52,467 INFO    MainThread:194377 [wandb_init.py:setup_run_log_directory():705] Logging user logs to /home/martina/codi2/4year/tfg/ppo/wandb/run-20251204_190052-ly6egrfh/logs/debug.log
2025-12-04 19:00:52,467 INFO    MainThread:194377 [wandb_init.py:setup_run_log_directory():706] Logging internal logs to /home/martina/codi2/4year/tfg/ppo/wandb/run-20251204_190052-ly6egrfh/logs/debug-internal.log
2025-12-04 19:00:52,467 INFO    MainThread:194377 [wandb_init.py:monkeypatch_ipython():624] configuring jupyter hooks <wandb.sdk.wandb_init._WandbInit object at 0x79ad5560b610>
2025-12-04 19:00:52,467 INFO    MainThread:194377 [wandb_init.py:init():832] calling init triggers
2025-12-04 19:00:52,467 INFO    MainThread:194377 [wandb_init.py:init():837] wandb.init called with sweep_config: {}
config: {'envs': 8, 'algo': 'PPO', '_wandb': {}}
2025-12-04 19:00:52,467 INFO    MainThread:194377 [wandb_init.py:init():880] starting backend
2025-12-04 19:00:52,689 INFO    MainThread:194377 [wandb_init.py:init():883] sending inform_init request
2025-12-04 19:00:52,699 INFO    MainThread:194377 [wandb_init.py:init():891] backend started and connected
2025-12-04 19:00:52,705 INFO    MainThread:194377 [wandb_run.py:_label_probe_notebook():1330] probe notebook
2025-12-04 19:00:52,706 INFO    MainThread:194377 [wandb_init.py:init():961] updated telemetry
2025-12-04 19:00:52,740 INFO    MainThread:194377 [wandb_init.py:init():985] communicating run to backend with 90.0 second timeout
2025-12-04 19:00:53,599 INFO    MainThread:194377 [wandb_init.py:init():1036] starting run threads in backend
2025-12-04 19:00:54,345 INFO    MainThread:194377 [wandb_run.py:_console_start():2509] atexit reg
2025-12-04 19:00:54,348 INFO    MainThread:194377 [wandb_run.py:_redirect():2357] redirect: wrap_raw
2025-12-04 19:00:54,349 INFO    MainThread:194377 [wandb_run.py:_redirect():2426] Wrapping output streams.
2025-12-04 19:00:54,349 INFO    MainThread:194377 [wandb_run.py:_redirect():2449] Redirects installed.
2025-12-04 19:00:54,354 INFO    MainThread:194377 [wandb_init.py:init():1076] run started, returning control to user process
2025-12-04 19:00:54,356 INFO    MainThread:194377 [wandb_init.py:_post_run_cell_hook():594] [no run ID] resuming backend
2025-12-04 19:00:59,426 INFO    MainThread:194377 [jupyter.py:save_ipynb():404] [no run ID] not saving jupyter notebook
2025-12-04 19:00:59,427 INFO    MainThread:194377 [wandb_init.py:_pre_run_cell_hook():583] [no run ID] pausing backend
2025-12-04 19:00:59,620 INFO    MainThread:194377 [wandb_init.py:_post_run_cell_hook():594] [no run ID] resuming backend
2025-12-04 19:01:01,679 INFO    MainThread:194377 [jupyter.py:save_ipynb():404] [no run ID] not saving jupyter notebook
2025-12-04 19:01:01,681 INFO    MainThread:194377 [wandb_init.py:_pre_run_cell_hook():583] [no run ID] pausing backend
2025-12-04 19:01:01,703 INFO    MainThread:194377 [wandb_watch.py:_watch():68] Watching
2025-12-04 19:01:01,706 INFO    MainThread:194377 [wandb_run.py:_config_callback():1392] config_cb None None {'policy_class': "<class 'stable_baselines3.common.policies.ActorCriticCnnPolicy'>", 'device': 'cpu', 'verbose': 2, 'policy_kwargs': "{'normalize_images': False}", 'num_timesteps': 0, '_total_timesteps': 1000000, '_num_timesteps_at_start': 0, 'seed': 'None', 'action_noise': 'None', 'start_time': 1764871261687995674, 'learning_rate': 0.0003, 'tensorboard_log': 'None', '_last_obs': '[[[[0.         0.         0.         ... 0.         0.\n    0.        ]\n   [0.         0.         0.         ... 0.         0.\n    0.        ]\n   [0.         0.         0.         ... 0.         0.\n    0.        ]\n   ...\n   [0.         0.         0.         ... 0.         0.\n    0.        ]\n   [0.         0.         0.         ... 0.         0.\n    0.        ]\n   [0.         0.         0.         ... 0.         0.\n    0.        ]]\n\n  [[0.33333334 0.33333334 0.33333334 ... 0.33333334 0.33333334\n    0.33333334]\n   [0.33333334 0.33333334 0.33333334 ... 0.33333334 0.33333334\n    0.33333334]\n   [0.33333334 0.33333334 0.33333334 ... 0.33333334 0.33333334\n    0.33333334]\n   ...\n   [0.33333334 0.33333334 0.33333334 ... 0.33333334 0.33333334\n    0.33333334]\n   [0.33333334 0.33333334 0.33333334 ... 0.33333334 0.33333334\n    0.33333334]\n   [0.33333334 0.33333334 0.33333334 ... 0.33333334 0.33333334\n    0.33333334]]\n\n  [[1.         1.         1.         ... 1.         1.\n    1.        ]\n   [1.         1.         1.         ... 1.         1.\n    1.        ]\n   [1.         1.         1.         ... 1.         1.\n    1.        ]\n   ...\n   [1.         1.         1.         ... 1.         1.\n    1.        ]\n   [1.         1.         1.         ... 1.         1.\n    1.        ]\n   [1.         1.         1.         ... 1.         1.\n    1.        ]]]\n\n\n [[[0.         0.         0.         ... 0.0236064  0.02354797\n    0.02302209]\n   [0.         0.         0.         ... 0.02384013 0.02366484\n    0.02372327]\n   [0.         0.         0.         ... 0.02325581 0.02413229\n    0.02436602]\n   ...\n   [0.         0.         0.         ... 0.         0.\n    0.        ]\n   [0.         0.         0.         ... 0.         0.\n    0.        ]\n   [0.         0.         0.         ... 0.         0.\n    0.        ]]\n\n  [[1.         1.         1.         ... 1.         1.\n    1.        ]\n   [1.         1.         1.         ... 1.         1.\n    1.        ]\n   [1.         1.         1.         ... 1.         1.\n    1.        ]\n   ...\n   [1.         1.         1.         ... 1.         1.\n    1.        ]\n   [1.         1.         1.         ... 1.         1.\n    1.        ]\n   [1.         1.         1.         ... 1.         1.\n    1.        ]]\n\n  [[0.33333334 0.33333334 0.33333334 ... 0.33333334 0.33333334\n    0.33333334]\n   [0.33333334 0.33333334 0.33333334 ... 0.33333334 0.33333334\n    0.33333334]\n   [0.33333334 0.33333334 0.33333334 ... 0.33333334 0.33333334\n    0.33333334]\n   ...\n   [0.33333334 0.33333334 0.33333334 ... 0.33333334 0.33333334\n    0.33333334]\n   [0.33333334 0.33333334 0.33333334 ... 0.33333334 0.33333334\n    0.33333334]\n   [0.33333334 0.33333334 0.33333334 ... 0.33333334 0.33333334\n    0.33333334]]]\n\n\n [[[0.         0.         0.         ... 0.         0.\n    0.        ]\n   [0.         0.         0.         ... 0.         0.\n    0.        ]\n   [0.         0.         0.         ... 0.         0.\n    0.        ]\n   ...\n   [0.         0.         0.         ... 0.         0.\n    0.        ]\n   [0.         0.         0.         ... 0.         0.\n    0.        ]\n   [0.         0.         0.         ... 0.         0.\n    0.        ]]\n\n  [[0.         0.         0.         ... 0.         0.\n    0.        ]\n   [0.         0.         0.         ... 0.         0.\n    0.        ]\n   [0.         0.         0.         ... 0.         0.\n    0.        ]\n   ...\n   [0.         0.         0.         ... 0.         0.\n    0.        ]\n   [0.         0.         0.         ... 0.         0.\n    0.        ]\n   [0.         0.         0.         ... 0.         0.\n    0.        ]]\n\n  [[1.         1.         1.         ... 1.         1.\n    1.        ]\n   [1.         1.         1.         ... 1.         1.\n    1.        ]\n   [1.         1.         1.         ... 1.         1.\n    1.        ]\n   ...\n   [1.         1.         1.         ... 1.         1.\n    1.        ]\n   [1.         1.         1.         ... 1.         1.\n    1.        ]\n   [1.         1.         1.         ... 1.         1.\n    1.        ]]]\n\n\n ...\n\n\n [[[0.         0.         0.         ... 0.02424915 0.02413229\n    0.02500876]\n   [0.         0.         0.         ... 0.02565151 0.02594367\n    0.02611897]\n   [0.         0.         0.         ... 0.02582681 0.0260021\n    0.02518406]\n   ...\n   [0.         0.         0.         ... 0.         0.\n    0.        ]\n   [0.         0.         0.         ... 0.         0.\n    0.        ]\n   [0.         0.         0.         ... 0.         0.\n    0.        ]]\n\n  [[1.         1.         1.         ... 1.         1.\n    1.        ]\n   [1.         1.         1.         ... 1.         1.\n    1.        ]\n   [1.         1.         1.         ... 1.         1.\n    1.        ]\n   ...\n   [1.         1.         1.         ... 1.         1.\n    1.        ]\n   [1.         1.         1.         ... 1.         1.\n    1.        ]\n   [1.         1.         1.         ... 1.         1.\n    1.        ]]\n\n  [[0.33333334 0.33333334 0.33333334 ... 0.33333334 0.33333334\n    0.33333334]\n   [0.33333334 0.33333334 0.33333334 ... 0.33333334 0.33333334\n    0.33333334]\n   [0.33333334 0.33333334 0.33333334 ... 0.33333334 0.33333334\n    0.33333334]\n   ...\n   [0.33333334 0.33333334 0.33333334 ... 0.33333334 0.33333334\n    0.33333334]\n   [0.33333334 0.33333334 0.33333334 ... 0.33333334 0.33333334\n    0.33333334]\n   [0.33333334 0.33333334 0.33333334 ... 0.33333334 0.33333334\n    0.33333334]]]\n\n\n [[[0.02015893 0.02325581 0.02459974 ... 0.00952437 0.01110202\n    0.01051771]\n   [0.02436602 0.02220404 0.02261307 ... 0.01022555 0.01016711\n    0.01156947]\n   [0.02500876 0.02179502 0.02389856 ... 0.01016711 0.01045927\n    0.01203693]\n   ...\n   [0.02933271 0.03149468 0.03225429 ... 0.02208718 0.02471661\n    0.0285731 ]\n   [0.02985859 0.02985859 0.03061821 ... 0.02331425 0.0260021\n    0.02272993]\n   [0.02909898 0.02933271 0.02980016 ... 0.02237934 0.02787192\n    0.02465818]]\n\n  [[0.6666667  0.6666667  0.6666667  ... 0.6666667  0.6666667\n    0.6666667 ]\n   [0.6666667  0.6666667  0.6666667  ... 0.6666667  0.6666667\n    0.6666667 ]\n   [0.6666667  0.6666667  0.6666667  ... 0.6666667  0.6666667\n    0.6666667 ]\n   ...\n   [0.6666667  0.6666667  0.6666667  ... 0.6666667  0.6666667\n    0.6666667 ]\n   [0.6666667  0.6666667  0.6666667  ... 0.6666667  0.6666667\n    0.6666667 ]\n   [0.6666667  0.6666667  0.6666667  ... 0.6666667  0.6666667\n    0.6666667 ]]\n\n  [[0.33333334 0.33333334 0.33333334 ... 0.33333334 0.33333334\n    0.33333334]\n   [0.33333334 0.33333334 0.33333334 ... 0.33333334 0.33333334\n    0.33333334]\n   [0.33333334 0.33333334 0.33333334 ... 0.33333334 0.33333334\n    0.33333334]\n   ...\n   [0.33333334 0.33333334 0.33333334 ... 0.33333334 0.33333334\n    0.33333334]\n   [0.33333334 0.33333334 0.33333334 ... 0.33333334 0.33333334\n    0.33333334]\n   [0.33333334 0.33333334 0.33333334 ... 0.33333334 0.33333334\n    0.33333334]]]\n\n\n [[[0.         0.         0.         ... 0.         0.02448288\n    0.02921585]\n   [0.         0.         0.         ... 0.         0.\n    0.04084376]\n   [0.         0.         0.         ... 0.         0.\n    0.        ]\n   ...\n   [0.         0.         0.         ... 0.         0.\n    0.        ]\n   [0.         0.         0.         ... 0.         0.\n    0.        ]\n   [0.         0.         0.         ... 0.         0.\n    0.        ]]\n\n  [[1.         1.         1.         ... 1.         1.\n    1.        ]\n   [1.         1.         1.         ... 1.         1.\n    1.        ]\n   [1.         1.         1.         ... 1.         1.\n    1.        ]\n   ...\n   [1.         1.         1.         ... 1.         1.\n    1.        ]\n   [1.         1.         1.         ... 1.         1.\n    1.        ]\n   [1.         1.         1.         ... 1.         1.\n    1.        ]]\n\n  [[0.         0.         0.         ... 0.         0.\n    0.        ]\n   [0.         0.         0.         ... 0.         0.\n    0.        ]\n   [0.         0.         0.         ... 0.         0.\n    0.        ]\n   ...\n   [0.         0.         0.         ... 0.         0.\n    0.        ]\n   [0.         0.         0.         ... 0.         0.\n    0.        ]\n   [0.         0.         0.         ... 0.         0.\n    0.        ]]]]', '_last_episode_starts': '[ True  True  True  True  True  True  True  True]', '_last_original_obs': 'None', '_episode_num': 0, 'use_sde': 'False', 'sde_sample_freq': -1, '_current_progress_remaining': 1.0, '_stats_window_size': 100, 'ep_info_buffer': 'deque([], maxlen=100)', 'ep_success_buffer': 'deque([], maxlen=100)', '_n_updates': 0, '_custom_logger': 'False', 'env': '<stable_baselines3.common.vec_env.dummy_vec_env.DummyVecEnv object at 0x79ad5894fd60>', '_vec_normalize_env': 'None', 'observation_space': 'Box(0.0, 1.0, (3, 60, 60), float32)', 'action_space': 'Discrete(3)', 'n_envs': 8, 'n_steps': 256, 'gamma': 0.99, 'gae_lambda': 0.95, 'ent_coef': 0.0, 'vf_coef': 0.5, 'max_grad_norm': 0.5, 'rollout_buffer_class': "<class 'stable_baselines3.common.buffers.RolloutBuffer'>", 'rollout_buffer_kwargs': '{}', 'batch_size': 1024, 'n_epochs': 10, 'clip_range': '<function get_schedule_fn.<locals>.<lambda> at 0x79ad44092ef0>', 'clip_range_vf': 'None', 'normalize_advantage': 'True', 'target_kl': 'None', 'lr_schedule': '<function get_schedule_fn.<locals>.<lambda> at 0x79ad37b71120>', 'rollout_buffer': '<stable_baselines3.common.buffers.RolloutBuffer object at 0x79ad44099f60>', 'policy': 'ActorCriticCnnPolicy(\n  (features_extractor): NatureCNN(\n    (cnn): Sequential(\n      (0): Conv2d(3, 32, kernel_size=(8, 8), stride=(4, 4))\n      (1): ReLU()\n      (2): Conv2d(32, 64, kernel_size=(4, 4), stride=(2, 2))\n      (3): ReLU()\n      (4): Conv2d(64, 64, kernel_size=(3, 3), stride=(1, 1))\n      (5): ReLU()\n      (6): Flatten(start_dim=1, end_dim=-1)\n    )\n    (linear): Sequential(\n      (0): Linear(in_features=1024, out_features=512, bias=True)\n      (1): ReLU()\n    )\n  )\n  (pi_features_extractor): NatureCNN(\n    (cnn): Sequential(\n      (0): Conv2d(3, 32, kernel_size=(8, 8), stride=(4, 4))\n      (1): ReLU()\n      (2): Conv2d(32, 64, kernel_size=(4, 4), stride=(2, 2))\n      (3): ReLU()\n      (4): Conv2d(64, 64, kernel_size=(3, 3), stride=(1, 1))\n      (5): ReLU()\n      (6): Flatten(start_dim=1, end_dim=-1)\n    )\n    (linear): Sequential(\n      (0): Linear(in_features=1024, out_features=512, bias=True)\n      (1): ReLU()\n    )\n  )\n  (vf_features_extractor): NatureCNN(\n    (cnn): Sequential(\n      (0): Conv2d(3, 32, kernel_size=(8, 8), stride=(4, 4))\n      (1): ReLU()\n      (2): Conv2d(32, 64, kernel_size=(4, 4), stride=(2, 2))\n      (3): ReLU()\n      (4): Conv2d(64, 64, kernel_size=(3, 3), stride=(1, 1))\n      (5): ReLU()\n      (6): Flatten(start_dim=1, end_dim=-1)\n    )\n    (linear): Sequential(\n      (0): Linear(in_features=1024, out_features=512, bias=True)\n      (1): ReLU()\n    )\n  )\n  (mlp_extractor): MlpExtractor(\n    (policy_net): Sequential()\n    (value_net): Sequential()\n  )\n  (action_net): Linear(in_features=512, out_features=3, bias=True)\n  (value_net): Linear(in_features=512, out_features=1, bias=True)\n)', '_logger': '<stable_baselines3.common.logger.Logger object at 0x79ad5894ffd0>'}
2025-12-04 19:05:24,142 INFO    wandb-AsyncioManager-main:194377 [service_client.py:_forward_responses():80] Reached EOF.
2025-12-04 19:05:24,145 INFO    wandb-AsyncioManager-main:194377 [mailbox.py:close():137] Closing mailbox, abandoning 1 handles.
2025-12-04 19:05:24,777 INFO    MainThread:194377 [wandb_init.py:_post_run_cell_hook():594] [no run ID] resuming backend
2025-12-04 19:05:24,780 ERROR   MainThread:194377 [redirect.py:_on_write():664] [all runs] error in stdout callback
Traceback (most recent call last):
  File "/home/martina/.local/lib/python3.10/site-packages/IPython/core/events.py", line 82, in trigger
    func(*args, **kwargs)
  File "/home/martina/.local/lib/python3.10/site-packages/wandb/sdk/wandb_init.py", line 595, in _post_run_cell_hook
    self.backend.interface.publish_resume()
  File "/home/martina/.local/lib/python3.10/site-packages/wandb/sdk/interface/interface.py", line 818, in publish_resume
    self._publish_resume(resume)
  File "/home/martina/.local/lib/python3.10/site-packages/wandb/sdk/interface/interface_shared.py", line 296, in _publish_resume
    self._publish(rec)
  File "/home/martina/.local/lib/python3.10/site-packages/wandb/sdk/interface/interface_sock.py", line 43, in _publish
    self._asyncer.run(lambda: self._client.publish(request))
  File "/home/martina/.local/lib/python3.10/site-packages/wandb/sdk/lib/asyncio_manager.py", line 136, in run
    return future.result()
  File "/usr/lib/python3.10/concurrent/futures/_base.py", line 458, in result
    return self.__get_result()
  File "/usr/lib/python3.10/concurrent/futures/_base.py", line 403, in __get_result
    raise self._exception
  File "/home/martina/.local/lib/python3.10/site-packages/wandb/sdk/lib/asyncio_manager.py", line 219, in _wrap
    return await fn()
  File "/home/martina/.local/lib/python3.10/site-packages/wandb/sdk/lib/service/service_client.py", line 38, in publish
    await self._send_server_request(request)
  File "/home/martina/.local/lib/python3.10/site-packages/wandb/sdk/lib/service/service_client.py", line 64, in _send_server_request
    await self._writer.drain()
  File "/usr/lib/python3.10/asyncio/streams.py", line 371, in drain
    await self._protocol._drain_helper()
  File "/usr/lib/python3.10/asyncio/streams.py", line 167, in _drain_helper
    raise ConnectionResetError('Connection lost')
ConnectionResetError: Connection lost

During handling of the above exception, another exception occurred:

Traceback (most recent call last):
  File "/home/martina/.local/lib/python3.10/site-packages/wandb/sdk/lib/redirect.py", line 662, in _on_write
    cb(written_data)
  File "/home/martina/.local/lib/python3.10/site-packages/wandb/sdk/wandb_run.py", line 2430, in <lambda>
    lambda data: self._console_raw_callback("stdout", data),
  File "/home/martina/.local/lib/python3.10/site-packages/wandb/sdk/wandb_run.py", line 399, in wrapper
    return func(self, *args, **kwargs)
  File "/home/martina/.local/lib/python3.10/site-packages/wandb/sdk/wandb_run.py", line 457, in wrapper_fn
    return func(self, *args, **kwargs)
  File "/home/martina/.local/lib/python3.10/site-packages/wandb/sdk/wandb_run.py", line 1595, in _console_raw_callback
    self._backend.interface.publish_output_raw(name, data)
  File "/home/martina/.local/lib/python3.10/site-packages/wandb/sdk/interface/interface.py", line 802, in publish_output_raw
    self._publish_output_raw(o)
  File "/home/martina/.local/lib/python3.10/site-packages/wandb/sdk/interface/interface_shared.py", line 37, in _publish_output_raw
    self._publish(rec)
  File "/home/martina/.local/lib/python3.10/site-packages/wandb/sdk/interface/interface_sock.py", line 43, in _publish
    self._asyncer.run(lambda: self._client.publish(request))
  File "/home/martina/.local/lib/python3.10/site-packages/wandb/sdk/lib/asyncio_manager.py", line 136, in run
    return future.result()
  File "/usr/lib/python3.10/concurrent/futures/_base.py", line 458, in result
    return self.__get_result()
  File "/usr/lib/python3.10/concurrent/futures/_base.py", line 403, in __get_result
    raise self._exception
  File "/home/martina/.local/lib/python3.10/site-packages/wandb/sdk/lib/asyncio_manager.py", line 219, in _wrap
    return await fn()
  File "/home/martina/.local/lib/python3.10/site-packages/wandb/sdk/lib/service/service_client.py", line 38, in publish
    await self._send_server_request(request)
  File "/home/martina/.local/lib/python3.10/site-packages/wandb/sdk/lib/service/service_client.py", line 64, in _send_server_request
    await self._writer.drain()
  File "/usr/lib/python3.10/asyncio/streams.py", line 359, in drain
    raise exc
  File "/usr/lib/python3.10/asyncio/selector_events.py", line 924, in write
    n = self._sock.send(data)
BrokenPipeError: [Errno 32] Broken pipe
